<?xml version="1.0" encoding="UTF-8"?>
<!-- Generated by org.testng.reporters.JUnitReportReporter -->
<testsuite skipped="0" hostname="srijans-MacBook-Pro-3.local" name="com.automation.SignIn" tests="1" failures="0" timestamp="08 Apr 2020 16:59:16 GMT" time="5.901" errors="0">
  <testcase name="setupsuite" time="5.901" classname="com.automation.SignIn"/>
</testsuite> <!-- com.automation.SignIn -->
