<?xml version="1.0" encoding="UTF-8"?>
<!-- Generated by org.testng.reporters.JUnitReportReporter -->
<testsuite skipped="0" hostname="srijans-MacBook-Pro-3.local" name="shopping.SignIn" tests="2" failures="0" timestamp="11 Apr 2020 12:09:20 GMT" time="18.740" errors="0">
  <testcase name="registerNewUser" time="15.972" classname="shopping.SignIn"/>
  <testcase name="createAccount" time="2.768" classname="shopping.SignIn"/>
</testsuite> <!-- shopping.SignIn -->
