<?xml version="1.0" encoding="UTF-8"?>
<!-- Generated by org.testng.reporters.JUnitReportReporter -->
<testsuite skipped="0" hostname="srijans-MacBook-Pro-3.local" name="com.automation.AppTest" tests="1" failures="0" timestamp="08 Apr 2020 16:49:49 GMT" time="0.008" errors="0">
  <testcase name="shouldAnswerWithTrue" time="0.008" classname="com.automation.AppTest"/>
</testsuite> <!-- com.automation.AppTest -->
